Сборка начата 04.10.2023 1:12:44.
Уровень детализации журнала: Normal.     1>Проект "D:\3_SEM_LABS\AiSD\Lab5\Lab5\Lab5.vcxproj" в узле 2 (целевые объекты Build).
     1>InitializeBuildStatus:
         Создание "Debug\Lab5.tlog\unsuccessfulbuild", так как было задано "AlwaysCreate".
       ClCompile:
         C:\Program Files (x86)\Microsoft Visual Studio\2019\Community\VC\Tools\MSVC\14.29.30133\bin\HostX86\x86\CL.exe /c /ZI /JMC /nologo /W3 /WX- /diagnostics:column /sdl /Od /Oy- /D WIN32 /D _DEBUG /D _CONSOLE /D _UNICODE /D UNICODE /Gm- /EHsc /RTC1 /MDd /GS /fp:precise /permissive- /Zc:wchar_t /Zc:forScope /Zc:inline /Fo"Debug\\" /Fd"Debug\vc142.pdb" /external:W3 /Gd /TP /analyze- /FC /errorReport:prompt Source.cpp
         Source.cpp
     1>D:\3_SEM_LABS\AiSD\Lab5\Lab5\Source.cpp(17,12): warning C4326: возвращаемый тип "main" должен быть "int", а не "void"
       Link:
         C:\Program Files (x86)\Microsoft Visual Studio\2019\Community\VC\Tools\MSVC\14.29.30133\bin\HostX86\x86\link.exe /ERRORREPORT:PROMPT /OUT:"D:\3_SEM_LABS\AiSD\Lab5\Debug\Lab5.exe" /INCREMENTAL /ILK:"Debug\Lab5.ilk" /NOLOGO kernel32.lib user32.lib gdi32.lib winspool.lib comdlg32.lib advapi32.lib shell32.lib ole32.lib oleaut32.lib uuid.lib odbc32.lib odbccp32.lib /MANIFEST /MANIFESTUAC:"level='asInvoker' uiAccess='false'" /manifest:embed /DEBUG /PDB:"D:\3_SEM_LABS\AiSD\Lab5\Debug\Lab5.pdb" /SUBSYSTEM:CONSOLE /TLBID:1 /DYNAMICBASE /NXCOMPAT /IMPLIB:"D:\3_SEM_LABS\AiSD\Lab5\Debug\Lab5.lib" /MACHINE:X86 Debug\Source.obj
         Lab5.vcxproj -> D:\3_SEM_LABS\AiSD\Lab5\Debug\Lab5.exe
       FinalizeBuildStatus:
         Файл "Debug\Lab5.tlog\unsuccessfulbuild" удаляется.
         Обращение к "Debug\Lab5.tlog\Lab5.lastbuildstate".
     1>Сборка проекта "D:\3_SEM_LABS\AiSD\Lab5\Lab5\Lab5.vcxproj" завершена (целевые объекты Build).

Сборка успешно завершена.

       "D:\3_SEM_LABS\AiSD\Lab5\Lab5\Lab5.vcxproj" (целевой объект Build ) (1) ->
       (Целевой объект ClCompile) -> 
         D:\3_SEM_LABS\AiSD\Lab5\Lab5\Source.cpp(17,12): warning C4326: возвращаемый тип "main" должен быть "int", а не "void"

    Предупреждений: 1
    Ошибок: 0

Прошло времени 00:00:00.60
